<?xml version="1.0" encoding="UTF-8"?>
<testng-results ignored="0" total="2" passed="2" failed="0" skipped="0">
  <reporter-output>
  </reporter-output>
  <suite started-at="2022-03-20T19:06:56 EET" name="Default suite" finished-at="2022-03-20T19:07:06 EET" duration-ms="9964">
    <groups>
    </groups>
    <test started-at="2022-03-20T19:06:56 EET" name="Default test" finished-at="2022-03-20T19:07:06 EET" duration-ms="9964">
      <class name="NewProject.Selenium.GooglePlay">
        <test-method is-config="true" signature="openPlayStore()[pri:0, instance:NewProject.Selenium.GooglePlay@7b9a4292]" started-at="2022-03-20T19:06:56 EET" name="openPlayStore" finished-at="2022-03-20T19:07:06 EET" duration-ms="9384" status="PASS">
          <reporter-output>
          </reporter-output>
        </test-method> <!-- openPlayStore -->
        <test-method signature="assertApps()[pri:0, instance:NewProject.Selenium.GooglePlay@7b9a4292]" started-at="2022-03-20T19:07:06 EET" name="assertApps" finished-at="2022-03-20T19:07:06 EET" duration-ms="438" status="PASS">
          <reporter-output>
          </reporter-output>
        </test-method> <!-- assertApps -->
        <test-method signature="assertTitle()[pri:0, instance:NewProject.Selenium.GooglePlay@7b9a4292]" started-at="2022-03-20T19:07:06 EET" name="assertTitle" finished-at="2022-03-20T19:07:06 EET" duration-ms="20" status="PASS">
          <reporter-output>
          </reporter-output>
        </test-method> <!-- assertTitle -->
      </class> <!-- NewProject.Selenium.GooglePlay -->
    </test> <!-- Default test -->
  </suite> <!-- Default suite -->
</testng-results>
